[0m17:30:52.789605 [debug] [MainThread]: Sending event: {'category': 'dbt', 'action': 'invocation', 'label': 'start', 'context': [<snowplow_tracker.self_describing_json.SelfDescribingJson object at 0x000001D8D034C3B0>, <snowplow_tracker.self_describing_json.SelfDescribingJson object at 0x000001D8D034D6D0>, <snowplow_tracker.self_describing_json.SelfDescribingJson object at 0x000001D8D034F230>]}


============================== 17:30:52.805572 | b4d123c3-7c6d-4d48-9f5e-151a90efd62d ==============================
[0m17:30:52.805572 [info ] [MainThread]: Running with dbt=1.11.2
[0m17:30:52.805572 [debug] [MainThread]: running dbt with arguments {'version_check': 'True', 'no_print': 'None', 'static_parser': 'True', 'warn_error_options': 'WarnErrorOptionsV2(error=[], warn=[], silence=[])', 'target_path': 'None', 'printer_width': '80', 'write_json': 'True', 'empty': 'None', 'log_cache_events': 'False', 'introspect': 'True', 'cache_selected_only': 'False', 'fail_fast': 'False', 'debug': 'False', 'log_format': 'default', 'profiles_dir': 'C:\\Users\\shahb\\.dbt', 'send_anonymous_usage_stats': 'True', 'quiet': 'False', 'warn_error': 'None', 'partial_parse': 'True', 'invocation_command': 'dbt init kalshi_dbt', 'use_colors': 'True', 'indirect_selection': 'eager', 'use_experimental_parser': 'False', 'log_path': 'logs'}
[0m17:30:52.829777 [info ] [MainThread]: Creating dbt configuration folder at C:\Users\shahb\.dbt
[0m17:30:52.834588 [debug] [MainThread]: Starter project path: C:\Users\shahb\Projects\kalshi-analytics-pipeline\venv\Lib\site-packages\dbt\include\starter_project
[0m17:30:52.885495 [info ] [MainThread]: 
Your new dbt project "kalshi_dbt" was created!

For more information on how to configure the profiles.yml file,
please consult the dbt documentation here:

  https://docs.getdbt.com/docs/configure-your-profile

One more thing:

Need help? Don't hesitate to reach out to us via GitHub issues or on Slack:

  https://community.getdbt.com/

Happy modeling!

[0m17:30:52.885495 [info ] [MainThread]: Setting up your profile.
[0m17:31:20.271225 [debug] [MainThread]: Snowflake adapter: Setting snowflake.connector to ERROR (file logging only)
[0m17:31:20.271225 [debug] [MainThread]: Snowflake adapter: Setting botocore to ERROR (file logging only)
[0m17:31:20.271225 [debug] [MainThread]: Snowflake adapter: Setting boto3 to ERROR (file logging only)
[0m17:38:49.512612 [info ] [MainThread]: Profile kalshi_dbt written to C:\Users\shahb\.dbt\profiles.yml using target's profile_template.yml and your supplied values. Run 'dbt debug' to validate the connection.
[0m17:38:49.512612 [debug] [MainThread]: Command `dbt init` succeeded at 17:38:49.512612 after 476.87 seconds
[0m17:38:49.512612 [debug] [MainThread]: Sending event: {'category': 'dbt', 'action': 'invocation', 'label': 'end', 'context': [<snowplow_tracker.self_describing_json.SelfDescribingJson object at 0x000001D8CFC11D00>, <snowplow_tracker.self_describing_json.SelfDescribingJson object at 0x000001D8D1EDDAF0>, <snowplow_tracker.self_describing_json.SelfDescribingJson object at 0x000001D8D202A240>]}
[0m17:38:49.512612 [debug] [MainThread]: Flushing usage events
[0m17:38:50.099452 [debug] [MainThread]: An error was encountered while trying to flush usage events
[0m14:40:08.977126 [debug] [MainThread]: Sending event: {'category': 'dbt', 'action': 'invocation', 'label': 'start', 'context': [<snowplow_tracker.self_describing_json.SelfDescribingJson object at 0x0000020D74317320>, <snowplow_tracker.self_describing_json.SelfDescribingJson object at 0x0000020D7390DB50>, <snowplow_tracker.self_describing_json.SelfDescribingJson object at 0x0000020D7390E990>]}


============================== 14:40:08.980201 | 8b06c36f-d56b-4924-9644-f902a58da460 ==============================
[0m14:40:08.980201 [info ] [MainThread]: Running with dbt=1.11.2
[0m14:40:08.980201 [debug] [MainThread]: running dbt with arguments {'static_parser': 'True', 'no_print': 'None', 'version_check': 'True', 'target_path': 'None', 'warn_error_options': 'WarnErrorOptionsV2(error=[], warn=[], silence=[])', 'printer_width': '80', 'write_json': 'True', 'empty': 'None', 'log_cache_events': 'False', 'introspect': 'True', 'cache_selected_only': 'False', 'fail_fast': 'False', 'debug': 'False', 'log_format': 'default', 'profiles_dir': 'C:\\Users\\shahb\\.dbt', 'send_anonymous_usage_stats': 'True', 'quiet': 'False', 'warn_error': 'None', 'partial_parse': 'True', 'use_colors': 'True', 'invocation_command': 'dbt debug --target dev', 'indirect_selection': 'eager', 'use_experimental_parser': 'False', 'log_path': 'logs'}
[0m14:40:09.013963 [info ] [MainThread]: dbt version: 1.11.2
[0m14:40:09.013963 [info ] [MainThread]: python version: 3.12.4
[0m14:40:09.013963 [info ] [MainThread]: python path: C:\Users\shahb\Projects\kalshi-analytics-pipeline\venv\Scripts\python.exe
[0m14:40:09.013963 [info ] [MainThread]: os info: Windows-11-10.0.26200-SP0
[0m14:40:10.036873 [debug] [MainThread]: Snowflake adapter: Setting snowflake.connector to ERROR (file logging only)
[0m14:40:10.036873 [debug] [MainThread]: Snowflake adapter: Setting botocore to ERROR (file logging only)
[0m14:40:10.036873 [debug] [MainThread]: Snowflake adapter: Setting boto3 to ERROR (file logging only)
[0m14:40:10.116537 [info ] [MainThread]: Using profiles dir at C:\Users\shahb\.dbt
[0m14:40:10.116537 [info ] [MainThread]: Using profiles.yml file at C:\Users\shahb\.dbt\profiles.yml
[0m14:40:10.118543 [info ] [MainThread]: Using dbt_project.yml file at C:\Users\shahb\Projects\kalshi-analytics-pipeline\dbt_project.yml
[0m14:40:10.118543 [info ] [MainThread]: adapter type: snowflake
[0m14:40:10.118543 [info ] [MainThread]: adapter version: 1.11.1
[0m14:40:10.118543 [info ] [MainThread]: Configuration:
[0m14:40:10.118543 [info ] [MainThread]:   profiles.yml file [[32mOK found and valid[0m]
[0m14:40:10.118543 [info ] [MainThread]:   dbt_project.yml file [[31mERROR not found[0m]
[0m14:40:10.118543 [info ] [MainThread]: Required dependencies:
[0m14:40:10.118543 [debug] [MainThread]: Executing "git --help"
[0m14:40:10.178760 [debug] [MainThread]: STDOUT: "b"usage: git [-v | --version] [-h | --help] [-C <path>] [-c <name>=<value>]\n           [--exec-path[=<path>]] [--html-path] [--man-path] [--info-path]\n           [-p | --paginate | -P | --no-pager] [--no-replace-objects] [--no-lazy-fetch]\n           [--no-optional-locks] [--no-advice] [--bare] [--git-dir=<path>]\n           [--work-tree=<path>] [--namespace=<name>] [--config-env=<name>=<envvar>]\n           <command> [<args>]\n\nThese are common Git commands used in various situations:\n\nstart a working area (see also: git help tutorial)\n   clone      Clone a repository into a new directory\n   init       Create an empty Git repository or reinitialize an existing one\n\nwork on the current change (see also: git help everyday)\n   add        Add file contents to the index\n   mv         Move or rename a file, a directory, or a symlink\n   restore    Restore working tree files\n   rm         Remove files from the working tree and from the index\n\nexamine the history and state (see also: git help revisions)\n   bisect     Use binary search to find the commit that introduced a bug\n   diff       Show changes between commits, commit and working tree, etc\n   grep       Print lines matching a pattern\n   log        Show commit logs\n   show       Show various types of objects\n   status     Show the working tree status\n\ngrow, mark and tweak your common history\n   backfill   Download missing objects in a partial clone\n   branch     List, create, or delete branches\n   commit     Record changes to the repository\n   merge      Join two or more development histories together\n   rebase     Reapply commits on top of another base tip\n   reset      Reset current HEAD to the specified state\n   switch     Switch branches\n   tag        Create, list, delete or verify tags\n\ncollaborate (see also: git help workflows)\n   fetch      Download objects and refs from another repository\n   pull       Fetch from and integrate with another repository or a local branch\n   push       Update remote refs along with associated objects\n\n'git help -a' and 'git help -g' list available subcommands and some\nconcept guides. See 'git help <command>' or 'git help <concept>'\nto read about a specific subcommand or concept.\nSee 'git help git' for an overview of the system.\n""
[0m14:40:10.178760 [debug] [MainThread]: STDERR: "b''"
[0m14:40:10.178760 [info ] [MainThread]:  - git [[32mOK found[0m]

[0m14:40:10.178760 [info ] [MainThread]: Connection:
[0m14:40:10.178760 [info ] [MainThread]:   account: yactbsk-sf06872
[0m14:40:10.178760 [info ] [MainThread]:   user: BSH36
[0m14:40:10.178760 [info ] [MainThread]:   database: KALSHI_DB
[0m14:40:10.178760 [info ] [MainThread]:   warehouse: COMPUTE_WH
[0m14:40:10.178760 [info ] [MainThread]:   role: ACCOUNTADMIN
[0m14:40:10.178760 [info ] [MainThread]:   schema: ANALYTICS
[0m14:40:10.186556 [info ] [MainThread]:   authenticator: oauth
[0m14:40:10.186556 [info ] [MainThread]:   oauth_client_id: None
[0m14:40:10.186556 [info ] [MainThread]:   query_tag: None
[0m14:40:10.186556 [info ] [MainThread]:   client_session_keep_alive: False
[0m14:40:10.186556 [info ] [MainThread]:   host: None
[0m14:40:10.186556 [info ] [MainThread]:   port: None
[0m14:40:10.186556 [info ] [MainThread]:   proxy_host: None
[0m14:40:10.190011 [info ] [MainThread]:   proxy_port: None
[0m14:40:10.190011 [info ] [MainThread]:   protocol: None
[0m14:40:10.192018 [info ] [MainThread]:   connect_retries: 1
[0m14:40:10.192018 [info ] [MainThread]:   connect_timeout: None
[0m14:40:10.192018 [info ] [MainThread]:   retry_on_database_errors: False
[0m14:40:10.192018 [info ] [MainThread]:   retry_all: False
[0m14:40:10.194026 [info ] [MainThread]:   insecure_mode: False
[0m14:40:10.194026 [info ] [MainThread]:   reuse_connections: True
[0m14:40:10.195033 [info ] [MainThread]:   s3_stage_vpce_dns_name: None
[0m14:40:10.196994 [info ] [MainThread]:   platform_detection_timeout_seconds: 0.0
[0m14:40:10.196994 [info ] [MainThread]: Registered adapter: snowflake=1.11.1
[0m14:40:10.772554 [debug] [MainThread]: Acquiring new snowflake connection 'debug'
[0m14:40:13.673515 [debug] [MainThread]: Using snowflake connection "debug"
[0m14:40:13.673515 [debug] [MainThread]: On debug: select 1 as id
[0m14:40:13.673515 [debug] [MainThread]: Opening a new connection, currently in state init
[0m14:40:14.292952 [debug] [MainThread]: Snowflake adapter: Error running SQL: select 1 as id
[0m14:40:14.292952 [debug] [MainThread]: Snowflake adapter: Rolling back transaction.
[0m14:40:14.292952 [info ] [MainThread]:   Connection test: [[31mERROR[0m]

[0m14:40:14.292952 [info ] [MainThread]: [31m2 checks failed:[0m
[0m14:40:14.292952 [info ] [MainThread]: Project loading failed for the following reason:
 project path <C:\Users\shahb\Projects\kalshi-analytics-pipeline\dbt_project.yml> not found

[0m14:40:14.292952 [info ] [MainThread]: dbt was unable to connect to the specified database.
The database returned the following error:

  >Database Error
  250001 (08001): Failed to connect to DB: yactbsk-sf06872.snowflakecomputing.com:443. Invalid OAuth access token. [a2f4a4a3-d9e2-40c4-8296-4d23e0e43d80]

Check your database credentials and try again. For more information, visit:
https://docs.getdbt.com/docs/configure-your-profile


[0m14:40:14.308643 [debug] [MainThread]: Command `dbt debug` failed at 14:40:14.308643 after 5.51 seconds
[0m14:40:14.308643 [debug] [MainThread]: Connection 'debug' was left open.
[0m14:40:14.308643 [debug] [MainThread]: On debug: No close available on handle
[0m14:40:14.308643 [debug] [MainThread]: Sending event: {'category': 'dbt', 'action': 'invocation', 'label': 'end', 'context': [<snowplow_tracker.self_describing_json.SelfDescribingJson object at 0x0000020D74120BF0>, <snowplow_tracker.self_describing_json.SelfDescribingJson object at 0x0000020D75F79100>, <snowplow_tracker.self_describing_json.SelfDescribingJson object at 0x0000020D75D35550>]}
[0m14:40:14.308643 [debug] [MainThread]: Flushing usage events
[0m14:40:14.914828 [debug] [MainThread]: An error was encountered while trying to flush usage events
